0 info it worked if it ends with ok
1 verbose cli [ 'C:\\Program Files\\nodejs\\node.exe',
1 verbose cli   'C:\\Program Files\\nodejs\\node_modules\\npm\\bin\\npm-cli.js',
1 verbose cli   'start' ]
2 info using npm@4.0.5
3 info using node@v7.4.0
4 verbose run-script [ 'prestart', 'start', 'poststart' ]
5 info lifecycle reddit-clone-server@0.0.1~prestart: reddit-clone-server@0.0.1
6 silly lifecycle reddit-clone-server@0.0.1~prestart: no script for prestart, continuing
7 info lifecycle reddit-clone-server@0.0.1~start: reddit-clone-server@0.0.1
8 verbose lifecycle reddit-clone-server@0.0.1~start: unsafe-perm in lifecycle true
9 verbose lifecycle reddit-clone-server@0.0.1~start: PATH: C:\Program Files\nodejs\node_modules\npm\bin\node-gyp-bin;C:\Users\tedna_000\Documents\_react\ReadableServer\node_modules\.bin;C:\Program Files (x86)\RSA SecurID Token Common;C:\Program Files\RSA SecurID Token Common;C:\WINDOWS\system32;C:\WINDOWS;C:\WINDOWS\System32\Wbem;C:\WINDOWS\System32\WindowsPowerShell\v1.0\;c:\Program Files (x86)\ATI Technologies\ATI.ACE\Core-Static;C:\Program Files (x86)\ATI Technologies\ATI.ACE\Core-Static;C:\Program Files (x86)\Windows Live\Shared;C:\Program Files\nodejs\;C:\Program Files\Git\cmd;C:\Program Files (x86)\Git\cmd;C:\Users\tedna_000\AppData\Local\Microsoft\WindowsApps;C:\Users\tedna_000\AppData\Roaming\npm;C:\Program Files (x86)\Microsoft VS Code\bin;C:\Users\tedna_000\AppData\Local\GitHubDesktop\bin
10 verbose lifecycle reddit-clone-server@0.0.1~start: CWD: C:\Users\tedna_000\Documents\_react\ReadableServer
11 silly lifecycle reddit-clone-server@0.0.1~start: Args: [ '/d /s /c', 'node server.js' ]
12 silly lifecycle reddit-clone-server@0.0.1~start: Returned: code: 1  signal: null
13 info lifecycle reddit-clone-server@0.0.1~start: Failed to exec start script
14 verbose stack Error: reddit-clone-server@0.0.1 start: `node server.js`
14 verbose stack Exit status 1
14 verbose stack     at EventEmitter.<anonymous> (C:\Program Files\nodejs\node_modules\npm\lib\utils\lifecycle.js:279:16)
14 verbose stack     at emitTwo (events.js:106:13)
14 verbose stack     at EventEmitter.emit (events.js:191:7)
14 verbose stack     at ChildProcess.<anonymous> (C:\Program Files\nodejs\node_modules\npm\lib\utils\spawn.js:40:14)
14 verbose stack     at emitTwo (events.js:106:13)
14 verbose stack     at ChildProcess.emit (events.js:191:7)
14 verbose stack     at maybeClose (internal/child_process.js:885:16)
14 verbose stack     at Process.ChildProcess._handle.onexit (internal/child_process.js:226:5)
15 verbose pkgid reddit-clone-server@0.0.1
16 verbose cwd C:\Users\tedna_000\Documents\_react\ReadableServer
17 error Windows_NT 10.0.15063
18 error argv "C:\\Program Files\\nodejs\\node.exe" "C:\\Program Files\\nodejs\\node_modules\\npm\\bin\\npm-cli.js" "start"
19 error node v7.4.0
20 error npm  v4.0.5
21 error code ELIFECYCLE
22 error reddit-clone-server@0.0.1 start: `node server.js`
22 error Exit status 1
23 error Failed at the reddit-clone-server@0.0.1 start script 'node server.js'.
23 error Make sure you have the latest version of node.js and npm installed.
23 error If you do, this is most likely a problem with the reddit-clone-server package,
23 error not with npm itself.
23 error Tell the author that this fails on your system:
23 error     node server.js
23 error You can get information on how to open an issue for this project with:
23 error     npm bugs reddit-clone-server
23 error Or if that isn't available, you can get their info via:
23 error     npm owner ls reddit-clone-server
23 error There is likely additional logging output above.
24 verbose exit [ 1, true ]
